Added Component: Designator=J4(Conn,USB micro,AB, Receptacle,USB3090-30-A)
Added Component: Designator=J5(Header, 6 pin, 0.1" Spaceing)
Added Pin To Net: NetName=GND Pin=J4-5
Added Pin To Net: NetName=GND Pin=J4-6
Added Pin To Net: NetName=GND Pin=J4-7
Added Pin To Net: NetName=GND Pin=J4-8
Added Pin To Net: NetName=GND Pin=J4-9
Added Pin To Net: NetName=GND Pin=J5-1
Added Pin To Net: NetName=GND Pin=J5-6
Added Pin To Net: NetName=DIFFPAIR_BOOTSUSB_N Pin=J4-2
Added Pin To Net: NetName=DIFFPAIR_BOOTSUSB_N Pin=J5-2
Added Net: Name=DIFFPAIR_BOOTSUSB_N
Added Pin To Net: NetName=DIFFPAIR_BOOTSUSB_P Pin=J4-3
Added Pin To Net: NetName=DIFFPAIR_BOOTSUSB_P Pin=J5-3
Added Net: Name=DIFFPAIR_BOOTSUSB_P
Added Pin To Net: NetName=NetJ4_1 Pin=J4-1
Added Pin To Net: NetName=NetJ4_1 Pin=J5-5
Added Net: Name=NetJ4_1
Added Pin To Net: NetName=NetJ4_4 Pin=J4-4
Added Pin To Net: NetName=NetJ4_4 Pin=J5-4
Added Net: Name=NetJ4_4
Change Class Name : Old Net Name=SD Card Breakout New Net Name=SD Card Breakout with USB
Added Member To Class: ClassName=SD Card Breakout with USB Member=Component J4 USB3090-30-A
Added Member To Class: ClassName=SD Card Breakout with USB Member=Component J5 Header, through hole,vertical, 6pin,1 Row,0.1", M20-9991245
