Added Component: Designator=J?(HEADER-1X2,0.1",RA1)
Added Component: Designator=J?(Header,8Pin,SingleRow, RA,0.1")
Added Component: Designator=J?(Conn,SD micro,503182-1852)
Added Pin To Net: NetName=+5 Pin=J?-4
Added Pin To Net: NetName=+5 Pin=J?-4
Added Net: Name=+5
Added Pin To Net: NetName=CD/DAT3 Pin=J?-2
Added Pin To Net: NetName=CD/DAT3 Pin=J?-2
Added Net: Name=CD/DAT3
Added Pin To Net: NetName=CLK Pin=J?-5
Added Pin To Net: NetName=CLK Pin=J?-5
Added Net: Name=CLK
Added Pin To Net: NetName=CMD Pin=J?-3
Added Pin To Net: NetName=CMD Pin=J?-3
Added Net: Name=CMD
Added Pin To Net: NetName=DAT0 Pin=J?-7
Added Pin To Net: NetName=DAT0 Pin=J?-7
Added Net: Name=DAT0
Added Pin To Net: NetName=DAT1 Pin=J?-8
Added Pin To Net: NetName=DAT1 Pin=J?-8
Added Net: Name=DAT1
Added Pin To Net: NetName=DATA2 Pin=J?-1
Added Pin To Net: NetName=DATA2 Pin=J?-1
Added Net: Name=DATA2
Added Pin To Net: NetName=DETECT Pin=J?-1
Added Pin To Net: NetName=DETECT Pin=J?-DT
Added Net: Name=DETECT
Added Pin To Net: NetName=GND Pin=J?-6
Added Pin To Net: NetName=GND Pin=J?-P1
Added Pin To Net: NetName=GND Pin=J?-P2
Added Pin To Net: NetName=GND Pin=J?-P3
Added Pin To Net: NetName=GND Pin=J?-P4
Added Pin To Net: NetName=GND Pin=J?-P5
Added Net: Name=GND
Added Pin To Net: NetName=SWITCH Pin=J?-2
Added Pin To Net: NetName=SWITCH Pin=J?-SW
Added Net: Name=SWITCH
Added Class: Name=SD Card Breakout
